PlayerBase/build/outputs/logs/manifest-merger-release-report.txt
-- Merging decision tree log ---
manifest
ADDED from src\main\AndroidManifest.xml:2:1-302:12
INJECTED from src\main\AndroidManifest.xml:2:1-302:12
INJECTED from src\main\AndroidManifest.xml:2:1-302:12
INJECTED from src\main\AndroidManifest.xml:2:1-302:12
MERGED from [:libTricheer] AndroidManifest.xml:2:1-13:12
MERGED from [:libCommon] AndroidManifest.xml:2:1-19:12
MERGED from [libvlc-3.0.0.aar] AndroidManifest.xml:2:1-11:12
MERGED from [com.android.support:multidex:1.0.2] AndroidManifest.xml:17:1-22:12
INJECTED from src\main\AndroidManifest.xml:2:1-302:12
INJECTED from src\main\AndroidManifest.xml:2:1-302:12
INJECTED from src\main\AndroidManifest.xml:2:1-302:12
	package
		ADDED from src\main\AndroidManifest.xml:4:5-34
		INJECTED from src\main\AndroidManifest.xml
		INJECTED from src\main\AndroidManifest.xml
	android:versionName
		ADDED from src\main\AndroidManifest.xml:6:5-30
		INJECTED from src\main\AndroidManifest.xml
		INJECTED from src\main\AndroidManifest.xml
	xmlns:tools
		ADDED from src\main\AndroidManifest.xml:3:5-51
	xmlns:android
		ADDED from src\main\AndroidManifest.xml:2:11-69
	android:versionCode
		ADDED from src\main\AndroidManifest.xml:5:5-28
		INJECTED from src\main\AndroidManifest.xml
		INJECTED from src\main\AndroidManifest.xml
uses-sdk
ADDED from src\main\AndroidManifest.xml:8:5-10:41
INJECTED from src\main\AndroidManifest.xml:8:5-10:41
INJECTED from src\main\AndroidManifest.xml:8:5-10:41
MERGED from [:libTricheer] AndroidManifest.xml:7:5-9:41
MERGED from [:libTricheer] AndroidManifest.xml:7:5-9:41
MERGED from [:libCommon] AndroidManifest.xml:7:5-9:41
MERGED from [:libCommon] AndroidManifest.xml:7:5-9:41
MERGED from [libvlc-3.0.0.aar] AndroidManifest.xml:7:5-9:41
MERGED from [libvlc-3.0.0.aar] AndroidManifest.xml:7:5-9:41
MERGED from [com.android.support:multidex:1.0.2] AndroidManifest.xml:20:5-43
MERGED from [com.android.support:multidex:1.0.2] AndroidManifest.xml:20:5-43
INJECTED from src\main\AndroidManifest.xml:8:5-10:41
INJECTED from src\main\AndroidManifest.xml:8:5-10:41
	android:targetSdkVersion
		ADDED from src\main\AndroidManifest.xml:10:9-38
		INJECTED from src\main\AndroidManifest.xml
		INJECTED from src\main\AndroidManifest.xml
	android:minSdkVersion
		ADDED from src\main\AndroidManifest.xml:9:9-35
		INJECTED from src\main\AndroidManifest.xml
		INJECTED from src\main\AndroidManifest.xml
uses-permission#android.permission.READ_EXTERNAL_STORAGE
ADDED from src\main\AndroidManifest.xml:13:5-80
	android:name
		ADDED from src\main\AndroidManifest.xml:13:22-77
uses-permission#android.permission.WRITE_EXTERNAL_STORAGE
ADDED from src\main\AndroidManifest.xml:14:5-81
	android:name
		ADDED from src\main\AndroidManifest.xml:14:22-78
uses-permission#android.permission.MOUNT_UNMOUNT_FILESYSTEMS
ADDED from src\main\AndroidManifest.xml:15:5-84
	android:name
		ADDED from src\main\AndroidManifest.xml:15:22-81
uses-permission#android.permission.BLUETOOTH
ADDED from src\main\AndroidManifest.xml:18:5-68
	android:name
		ADDED from src\main\AndroidManifest.xml:18:22-65
uses-permission#android.permission.BLUETOOTH_ADMIN
ADDED from src\main\AndroidManifest.xml:19:5-74
	android:name
		ADDED from src\main\AndroidManifest.xml:19:22-71
uses-permission#android.permission.BLUETOOTH_PRIVILEGED
ADDED from src\main\AndroidManifest.xml:20:5-79
	android:name
		ADDED from src\main\AndroidManifest.xml:20:22-76
uses-permission#android.permission.WRITE_SETTINGS
ADDED from src\main\AndroidManifest.xml:23:5-73
	android:name
		ADDED from src\main\AndroidManifest.xml:23:22-70
uses-permission#android.permission.CHANGE_CONFIGURATION
ADDED from src\main\AndroidManifest.xml:24:5-79
	android:name
		ADDED from src\main\AndroidManifest.xml:24:22-76
uses-permission#android.permission.WRITE_SECURE_SETTINGS
ADDED from src\main\AndroidManifest.xml:25:5-80
	android:name
		ADDED from src\main\AndroidManifest.xml:25:22-77
uses-permission#com.android.launcher.permission.READ_SETTINGS
ADDED from src\main\AndroidManifest.xml:26:5-85
	android:name
		ADDED from src\main\AndroidManifest.xml:26:22-82
uses-permission#android.permission.HARDWARE_TEST
ADDED from src\main\AndroidManifest.xml:27:5-72
	android:name
		ADDED from src\main\AndroidManifest.xml:27:22-69
uses-permission#android.permission.WAKE_LOCK
ADDED from src\main\AndroidManifest.xml:30:5-68
	android:name
		ADDED from src\main\AndroidManifest.xml:30:22-65
uses-permission#android.permission.DISABLE_KEYGUARD
ADDED from src\main\AndroidManifest.xml:31:5-75
	android:name
		ADDED from src\main\AndroidManifest.xml:31:22-72
uses-permission#android.permission.READ_PHONE_STATE
ADDED from src\main\AndroidManifest.xml:34:5-75
	android:name
		ADDED from src\main\AndroidManifest.xml:34:22-72
uses-permission#android.permission.ACCESS_WIFI_STATE
ADDED from src\main\AndroidManifest.xml:35:5-76
MERGED from [:libCommon] AndroidManifest.xml:11:5-76
MERGED from [:libCommon] AndroidManifest.xml:11:5-76
	android:name
		ADDED from src\main\AndroidManifest.xml:35:22-73
uses-permission#android.permission.GET_TASKS
ADDED from src\main\AndroidManifest.xml:36:5-68
	android:name
		ADDED from src\main\AndroidManifest.xml:36:22-65
uses-permission#android.permission.INTERNET
ADDED from src\main\AndroidManifest.xml:37:5-67
	android:name
		ADDED from src\main\AndroidManifest.xml:37:22-64
uses-permission#android.permission.ACCESS_NETWORK_STATE
ADDED from src\main\AndroidManifest.xml:38:5-79
	android:name
		ADDED from src\main\AndroidManifest.xml:38:22-76
uses-permission#android.permission.RECEIVE_BOOT_COMPLETED
ADDED from src\main\AndroidManifest.xml:39:5-81
	android:name
		ADDED from src\main\AndroidManifest.xml:39:22-78
uses-permission#android.permission.ACCESS_COARSE_LOCATION
ADDED from src\main\AndroidManifest.xml:42:5-81
MERGED from [:libCommon] AndroidManifest.xml:14:5-81
MERGED from [:libCommon] AndroidManifest.xml:14:5-81
	android:name
		ADDED from src\main\AndroidManifest.xml:42:22-78
uses-permission#android.permission.ACCESS_FINE_LOCATION
ADDED from src\main\AndroidManifest.xml:43:5-79
MERGED from [:libCommon] AndroidManifest.xml:15:5-79
MERGED from [:libCommon] AndroidManifest.xml:15:5-79
	android:name
		ADDED from src\main\AndroidManifest.xml:43:22-76
application
ADDED from src\main\AndroidManifest.xml:45:5-300:19
MERGED from [:libTricheer] AndroidManifest.xml:11:5-20
MERGED from [:libTricheer] AndroidManifest.xml:11:5-20
MERGED from [:libCommon] AndroidManifest.xml:17:5-20
MERGED from [:libCommon] AndroidManifest.xml:17:5-20
	android:hardwareAccelerated
		ADDED from src\main\AndroidManifest.xml:48:9-43
	android:persistent
		ADDED from src\main\AndroidManifest.xml:50:9-34
	android:icon
		ADDED from src\main\AndroidManifest.xml:49:9-45
	android:allowBackup
		ADDED from src\main\AndroidManifest.xml:47:9-36
	tools:replace
		ADDED from src\main\AndroidManifest.xml:51:9-44
	android:name
		ADDED from src\main\AndroidManifest.xml:46:9-47
activity#com.tricheer.player.MusicPlayerActivity
ADDED from src\main\AndroidManifest.xml:54:9-67:20
	android:screenOrientation
		ADDED from src\main\AndroidManifest.xml:59:13-50
	android:label
		ADDED from src\main\AndroidManifest.xml:57:13-51
	android:launchMode
		ADDED from src\main\AndroidManifest.xml:58:13-48
	android:windowSoftInputMode
		ADDED from src\main\AndroidManifest.xml:61:13-54
	android:icon
		ADDED from src\main\AndroidManifest.xml:56:13-55
	android:theme
		ADDED from src\main\AndroidManifest.xml:60:13-72
	android:name
		ADDED from src\main\AndroidManifest.xml:55:13-67
intent-filter#action:name:android.intent.action.MAIN+category:name:android.intent.category.LAUNCHER
ADDED from src\main\AndroidManifest.xml:62:13-66:29
action#android.intent.action.MAIN
ADDED from src\main\AndroidManifest.xml:63:17-69
	android:name
		ADDED from src\main\AndroidManifest.xml:63:25-66
category#android.intent.category.LAUNCHER
ADDED from src\main\AndroidManifest.xml:65:17-77
	android:name
		ADDED from src\main\AndroidManifest.xml:65:27-74
activity#com.tricheer.player.VideoPlayerActivity
ADDED from src\main\AndroidManifest.xml:68:9-82:20
	android:screenOrientation
		ADDED from src\main\AndroidManifest.xml:73:13-50
	android:label
		ADDED from src\main\AndroidManifest.xml:71:13-51
	android:launchMode
		ADDED from src\main\AndroidManifest.xml:72:13-48
	android:windowSoftInputMode
		ADDED from src\main\AndroidManifest.xml:75:13-54
	android:icon
		ADDED from src\main\AndroidManifest.xml:70:13-55
	android:theme
		ADDED from src\main\AndroidManifest.xml:74:13-72
	android:name
		ADDED from src\main\AndroidManifest.xml:69:13-67
activity#com.tricheer.player.version.cj.slc_lc2010_vdc.activity.SclLc2010VdcAudioListActivity
ADDED from src\main\AndroidManifest.xml:85:9-91:69
	android:screenOrientation
		ADDED from src\main\AndroidManifest.xml:90:13-50
	android:label
		ADDED from src\main\AndroidManifest.xml:88:13-51
	android:launchMode
		ADDED from src\main\AndroidManifest.xml:89:13-48
	android:icon
		ADDED from src\main\AndroidManifest.xml:87:13-55
	android:theme
		ADDED from src\main\AndroidManifest.xml:91:13-66
	android:name
		ADDED from src\main\AndroidManifest.xml:86:13-112
activity#com.tricheer.player.version.cj.slc_lc2010_vdc.activity.SclLc2010VdcAudioPlayerActivity
ADDED from src\main\AndroidManifest.xml:92:9-98:69
	android:screenOrientation
		ADDED from src\main\AndroidManifest.xml:97:13-50
	android:label
		ADDED from src\main\AndroidManifest.xml:95:13-51
	android:launchMode
		ADDED from src\main\AndroidManifest.xml:96:13-48
	android:icon
		ADDED from src\main\AndroidManifest.xml:94:13-55
	android:theme
		ADDED from src\main\AndroidManifest.xml:98:13-66
	android:name
		ADDED from src\main\AndroidManifest.xml:93:13-114
activity#com.tricheer.player.version.cj.slc_lc2010_vdc.activity.SclLc2010VdcVideoListActivity
ADDED from src\main\AndroidManifest.xml:99:9-105:69
	android:screenOrientation
		ADDED from src\main\AndroidManifest.xml:104:13-50
	android:label
		ADDED from src\main\AndroidManifest.xml:102:13-51
	android:launchMode
		ADDED from src\main\AndroidManifest.xml:103:13-48
	android:icon
		ADDED from src\main\AndroidManifest.xml:101:13-55
	android:theme
		ADDED from src\main\AndroidManifest.xml:105:13-66
	android:name
		ADDED from src\main\AndroidManifest.xml:100:13-112
activity#com.tricheer.player.version.cj.slc_lc2010_vdc.activity.SclLc2010VdcVideoPlayerActivity
ADDED from src\main\AndroidManifest.xml:106:9-112:69
	android:screenOrientation
		ADDED from src\main\AndroidManifest.xml:111:13-50
	android:label
		ADDED from src\main\AndroidManifest.xml:109:13-51
	android:launchMode
		ADDED from src\main\AndroidManifest.xml:110:13-48
	android:icon
		ADDED from src\main\AndroidManifest.xml:108:13-55
	android:theme
		ADDED from src\main\AndroidManifest.xml:112:13-66
	android:name
		ADDED from src\main\AndroidManifest.xml:107:13-114
activity#com.tricheer.player.version.cj.slc_lc2010_vdc.activity.SclLc2010VdcVideoWarningActivity
ADDED from src\main\AndroidManifest.xml:113:9-119:69
	android:screenOrientation
		ADDED from src\main\AndroidManifest.xml:118:13-50
	android:label
		ADDED from src\main\AndroidManifest.xml:116:13-51
	android:launchMode
		ADDED from src\main\AndroidManifest.xml:117:13-48
	android:icon
		ADDED from src\main\AndroidManifest.xml:115:13-55
	android:theme
		ADDED from src\main\AndroidManifest.xml:119:13-66
	android:name
		ADDED from src\main\AndroidManifest.xml:114:13-115
service#com.tricheer.player.service.MusicPlayService
ADDED from src\main\AndroidManifest.xml:122:9-126:46
	android:enabled
		ADDED from src\main\AndroidManifest.xml:124:13-35
	android:exported
		ADDED from src\main\AndroidManifest.xml:125:13-36
	tools:ignore
		ADDED from src\main\AndroidManifest.xml:126:13-43
	android:name
		ADDED from src\main\AndroidManifest.xml:123:13-72
receiver#com.tricheer.player.receiver.MediaScanReceiver
ADDED from src\main\AndroidManifest.xml:129:9-167:20
	android:exported
		ADDED from src\main\AndroidManifest.xml:131:13-36
	tools:ignore
		ADDED from src\main\AndroidManifest.xml:132:13-44
	android:name
		ADDED from src\main\AndroidManifest.xml:130:13-74
intent-filter#action:name:android.intent.action.ACTION_SHUTDOWN+action:name:android.intent.action.BOOT_COMPLETED
ADDED from src\main\AndroidManifest.xml:133:13-136:29
	android:priority
		ADDED from src\main\AndroidManifest.xml:133:28-51
action#android.intent.action.ACTION_SHUTDOWN
ADDED from src\main\AndroidManifest.xml:134:17-80
	android:name
		ADDED from src\main\AndroidManifest.xml:134:25-77
action#android.intent.action.BOOT_COMPLETED
ADDED from src\main\AndroidManifest.xml:135:17-79
	android:name
		ADDED from src\main\AndroidManifest.xml:135:25-76
intent-filter#action:name:android.intent.action.MEDIA_CHECKING+action:name:android.intent.action.MEDIA_EJECT+action:name:android.intent.action.MEDIA_MOUNTED+action:name:android.intent.action.MEDIA_REMOVED+action:name:android.intent.action.MEDIA_UNMOUNTED+data:scheme:file
ADDED from src\main\AndroidManifest.xml:137:13-145:29
	android:priority
		ADDED from src\main\AndroidManifest.xml:137:28-51
action#android.intent.action.MEDIA_UNMOUNTED
ADDED from src\main\AndroidManifest.xml:138:17-80
	android:name
		ADDED from src\main\AndroidManifest.xml:138:25-77
action#android.intent.action.MEDIA_MOUNTED
ADDED from src\main\AndroidManifest.xml:139:17-78
	android:name
		ADDED from src\main\AndroidManifest.xml:139:25-75
action#android.intent.action.MEDIA_CHECKING
ADDED from src\main\AndroidManifest.xml:140:17-79
	android:name
		ADDED from src\main\AndroidManifest.xml:140:25-76
action#android.intent.action.MEDIA_EJECT
ADDED from src\main\AndroidManifest.xml:141:17-76
	android:name
		ADDED from src\main\AndroidManifest.xml:141:25-73
action#android.intent.action.MEDIA_REMOVED
ADDED from src\main\AndroidManifest.xml:142:17-78
	android:name
		ADDED from src\main\AndroidManifest.xml:142:25-75
data
ADDED from src\main\AndroidManifest.xml:144:17-47
	android:scheme
		ADDED from src\main\AndroidManifest.xml:144:23-44
intent-filter#action:name:android.hardware.usb.action.USB_DEVICE_ATTACHED+action:name:android.hardware.usb.action.USB_DEVICE_DETACHED
ADDED from src\main\AndroidManifest.xml:146:13-149:29
	android:priority
		ADDED from src\main\AndroidManifest.xml:146:28-51
action#android.hardware.usb.action.USB_DEVICE_DETACHED
ADDED from src\main\AndroidManifest.xml:147:17-90
	android:name
		ADDED from src\main\AndroidManifest.xml:147:25-87
action#android.hardware.usb.action.USB_DEVICE_ATTACHED
ADDED from src\main\AndroidManifest.xml:148:17-90
	android:name
		ADDED from src\main\AndroidManifest.xml:148:25-87
intent-filter#action:name:android.os.storage.action.VOLUME_STATE_CHANGED+data:scheme:file
ADDED from src\main\AndroidManifest.xml:151:13-155:29
	android:priority
		ADDED from src\main\AndroidManifest.xml:151:28-51
action#android.os.storage.action.VOLUME_STATE_CHANGED
ADDED from src\main\AndroidManifest.xml:152:17-89
	android:name
		ADDED from src\main\AndroidManifest.xml:152:25-86
intent-filter#action:name:android.hardware.input.action.POWER_DISCONNECTED+action:name:com.tricheer.player.START.LIST.ALL_MEDIAS
ADDED from src\main\AndroidManifest.xml:156:13-159:29
	android:priority
		ADDED from src\main\AndroidManifest.xml:156:28-51
action#com.tricheer.player.START.LIST.ALL_MEDIAS
ADDED from src\main\AndroidManifest.xml:157:17-84
	android:name
		ADDED from src\main\AndroidManifest.xml:157:25-81
action#android.hardware.input.action.POWER_DISCONNECTED
ADDED from src\main\AndroidManifest.xml:158:17-91
	android:name
		ADDED from src\main\AndroidManifest.xml:158:25-88
intent-filter#action:name:com.tricheer.SYSTEM_DOWN+action:name:com.tricheer.SYSTEM_UP
ADDED from src\main\AndroidManifest.xml:160:13-163:29
	android:priority
		ADDED from src\main\AndroidManifest.xml:160:28-51
action#com.tricheer.SYSTEM_DOWN
ADDED from src\main\AndroidManifest.xml:161:17-67
	android:name
		ADDED from src\main\AndroidManifest.xml:161:25-64
action#com.tricheer.SYSTEM_UP
ADDED from src\main\AndroidManifest.xml:162:17-65
	android:name
		ADDED from src\main\AndroidManifest.xml:162:25-62
intent-filter#action:name:android.hardware.input.action.POWER_DISCONNECTED
ADDED from src\main\AndroidManifest.xml:164:13-166:29
	android:priority
		ADDED from src\main\AndroidManifest.xml:164:28-51
receiver#com.tricheer.player.receiver.PlayerReceiver
ADDED from src\main\AndroidManifest.xml:170:9-299:20
	android:exported
		ADDED from src\main\AndroidManifest.xml:172:13-36
	tools:ignore
		ADDED from src\main\AndroidManifest.xml:173:13-44
	android:name
		ADDED from src\main\AndroidManifest.xml:171:13-71
intent-filter#action:name:com.tri.test
ADDED from src\main\AndroidManifest.xml:176:13-178:29
	android:priority
		ADDED from src\main\AndroidManifest.xml:176:28-51
action#com.tri.test
ADDED from src\main\AndroidManifest.xml:177:17-55
	android:name
		ADDED from src\main\AndroidManifest.xml:177:25-52
intent-filter#action:name:com.tricheer.media.action
ADDED from src\main\AndroidManifest.xml:181:13-183:29
	android:priority
		ADDED from src\main\AndroidManifest.xml:181:28-51
action#com.tricheer.media.action
ADDED from src\main\AndroidManifest.xml:182:17-68
	android:name
		ADDED from src\main\AndroidManifest.xml:182:25-65
intent-filter#action:name:com.tricheer.app.OPEN_LOGS
ADDED from src\main\AndroidManifest.xml:186:13-188:29
	android:priority
		ADDED from src\main\AndroidManifest.xml:186:28-51
action#com.tricheer.app.OPEN_LOGS
ADDED from src\main\AndroidManifest.xml:187:17-69
	android:name
		ADDED from src\main\AndroidManifest.xml:187:25-66
intent-filter#action:name:com.tricheer.music.PLAY_FROM_LAUNCHER+action:name:com.tricheer.player.OPEN_MUSIC_PLAYER+action:name:com.tricheer.player.OPEN_VIDEO_PLAYER
ADDED from src\main\AndroidManifest.xml:191:13-195:29
	android:priority
		ADDED from src\main\AndroidManifest.xml:191:28-51
action#com.tricheer.music.PLAY_FROM_LAUNCHER
ADDED from src\main\AndroidManifest.xml:192:17-80
	android:name
		ADDED from src\main\AndroidManifest.xml:192:25-77
action#com.tricheer.player.OPEN_MUSIC_PLAYER
ADDED from src\main\AndroidManifest.xml:193:17-80
	android:name
		ADDED from src\main\AndroidManifest.xml:193:25-77
action#com.tricheer.player.OPEN_VIDEO_PLAYER
ADDED from src\main\AndroidManifest.xml:194:17-80
	android:name
		ADDED from src\main\AndroidManifest.xml:194:25-77
intent-filter#action:name:android.intent.action.ACTION_SHUTDOWN+action:name:android.intent.action.BOOT_COMPLETED+action:name:com.tricheer.BOOT_COMPLETED
ADDED from src\main\AndroidManifest.xml:198:13-202:29
	android:priority
		ADDED from src\main\AndroidManifest.xml:198:28-51
action#com.tricheer.BOOT_COMPLETED
ADDED from src\main\AndroidManifest.xml:199:17-70
	android:name
		ADDED from src\main\AndroidManifest.xml:199:25-67
intent-filter#action:name:android.media.AUDIO_BECOMING_NOISY
ADDED from src\main\AndroidManifest.xml:203:13-205:29
	android:priority
		ADDED from src\main\AndroidManifest.xml:203:28-51
action#android.media.AUDIO_BECOMING_NOISY
ADDED from src\main\AndroidManifest.xml:204:17-77
	android:name
		ADDED from src\main\AndroidManifest.xml:204:25-74
intent-filter#action:name:action.maskapp.CLICK+action:name:action.maskapp.EXIT+action:name:com.tricheer.screen_off+action:name:com.tricheer.screen_on+action:name:com.tricheer.screen_sleep
ADDED from src\main\AndroidManifest.xml:208:13-216:29
	android:priority
		ADDED from src\main\AndroidManifest.xml:208:28-51
action#com.tricheer.screen_on
ADDED from src\main\AndroidManifest.xml:209:17-65
	android:name
		ADDED from src\main\AndroidManifest.xml:209:25-62
action#com.tricheer.screen_off
ADDED from src\main\AndroidManifest.xml:210:17-66
	android:name
		ADDED from src\main\AndroidManifest.xml:210:25-63
action#com.tricheer.screen_sleep
ADDED from src\main\AndroidManifest.xml:211:17-68
	android:name
		ADDED from src\main\AndroidManifest.xml:211:25-65
action#action.maskapp.EXIT
ADDED from src\main\AndroidManifest.xml:212:17-62
	android:name
		ADDED from src\main\AndroidManifest.xml:212:25-59
action#action.maskapp.CLICK
ADDED from src\main\AndroidManifest.xml:213:17-63
	android:name
		ADDED from src\main\AndroidManifest.xml:213:25-60
intent-filter#action:name:com.tricheer.hightemp1+action:name:com.tricheer.lowtemp1
ADDED from src\main\AndroidManifest.xml:219:13-222:29
	android:priority
		ADDED from src\main\AndroidManifest.xml:219:28-51
action#com.tricheer.hightemp1
ADDED from src\main\AndroidManifest.xml:220:17-65
	android:name
		ADDED from src\main\AndroidManifest.xml:220:25-62
action#com.tricheer.lowtemp1
ADDED from src\main\AndroidManifest.xml:221:17-64
	android:name
		ADDED from src\main\AndroidManifest.xml:221:25-61
intent-filter#action:name:action.camera.STATE_CHANGE
ADDED from src\main\AndroidManifest.xml:225:13-227:29
	android:priority
		ADDED from src\main\AndroidManifest.xml:225:28-51
action#action.camera.STATE_CHANGE
ADDED from src\main\AndroidManifest.xml:226:17-69
	android:name
		ADDED from src\main\AndroidManifest.xml:226:25-66
intent-filter#action:name:com.tricheer.detector.playsound.end+action:name:com.tricheer.detector.playsound.start
ADDED from src\main\AndroidManifest.xml:230:13-233:29
	android:priority
		ADDED from src\main\AndroidManifest.xml:230:28-51
action#com.tricheer.detector.playsound.start
ADDED from src\main\AndroidManifest.xml:231:17-80
	android:name
		ADDED from src\main\AndroidManifest.xml:231:25-77
action#com.tricheer.detector.playsound.end
ADDED from src\main\AndroidManifest.xml:232:17-78
	android:name
		ADDED from src\main\AndroidManifest.xml:232:25-75
intent-filter#action:name:com.tricheer.bluetooth.music.open+action:name:com.tricheer.kuwo.music.open
ADDED from src\main\AndroidManifest.xml:236:13-239:29
	android:priority
		ADDED from src\main\AndroidManifest.xml:236:28-51
action#com.tricheer.bluetooth.music.open
ADDED from src\main\AndroidManifest.xml:237:17-76
	android:name
		ADDED from src\main\AndroidManifest.xml:237:25-73
action#com.tricheer.kuwo.music.open
ADDED from src\main\AndroidManifest.xml:238:17-71
	android:name
		ADDED from src\main\AndroidManifest.xml:238:25-68
intent-filter#action:name:action.bluetooth.TRICHEER_INCOMING_IDLE+action:name:action.bluetooth.TRICHEER_INCOMING_RINGING+action:name:action.bluetooth.TRICHEER_OUTGOING_IDLE+action:name:action.bluetooth.TRICHEER_OUTGOING_RINGING+action:name:action.intent.TRICHEER_PHONE_DIAL+action:name:android.bluetooth.device.action.ACL_DISCONNECTED+action:name:android.bluetooth.headsetclient.profile.action.AG_CALL_CHANGED+action:name:android.bluetooth.headsetclient.profile.action.CONNECTION_STATE_CHANGED+action:name:com.tricheer.bluetoothcarkit.INCOMING_RINGING_FOR_PLAYER+action:name:com.tricheer.bluetoothcarkit.a2dp_sink.CONNECTED
ADDED from src\main\AndroidManifest.xml:242:13-253:29
	android:priority
		ADDED from src\main\AndroidManifest.xml:242:28-51
action#com.tricheer.bluetoothcarkit.a2dp_sink.CONNECTED
ADDED from src\main\AndroidManifest.xml:243:17-91
	android:name
		ADDED from src\main\AndroidManifest.xml:243:25-88
action#action.intent.TRICHEER_PHONE_DIAL
ADDED from src\main\AndroidManifest.xml:244:17-76
	android:name
		ADDED from src\main\AndroidManifest.xml:244:25-73
action#com.tricheer.bluetoothcarkit.INCOMING_RINGING_FOR_PLAYER
ADDED from src\main\AndroidManifest.xml:245:17-99
	android:name
		ADDED from src\main\AndroidManifest.xml:245:25-96
action#action.bluetooth.TRICHEER_INCOMING_RINGING
ADDED from src\main\AndroidManifest.xml:246:17-85
	android:name
		ADDED from src\main\AndroidManifest.xml:246:25-82
action#action.bluetooth.TRICHEER_OUTGOING_RINGING
ADDED from src\main\AndroidManifest.xml:247:17-85
	android:name
		ADDED from src\main\AndroidManifest.xml:247:25-82
action#action.bluetooth.TRICHEER_INCOMING_IDLE
ADDED from src\main\AndroidManifest.xml:248:17-82
	android:name
		ADDED from src\main\AndroidManifest.xml:248:25-79
action#action.bluetooth.TRICHEER_OUTGOING_IDLE
ADDED from src\main\AndroidManifest.xml:249:17-82
	android:name
		ADDED from src\main\AndroidManifest.xml:249:25-79
action#android.bluetooth.device.action.ACL_DISCONNECTED
ADDED from src\main\AndroidManifest.xml:250:17-91
	android:name
		ADDED from src\main\AndroidManifest.xml:250:25-88
action#android.bluetooth.headsetclient.profile.action.AG_CALL_CHANGED
ADDED from src\main\AndroidManifest.xml:251:17-105
	android:name
		ADDED from src\main\AndroidManifest.xml:251:25-102
action#android.bluetooth.headsetclient.profile.action.CONNECTION_STATE_CHANGED
ADDED from src\main\AndroidManifest.xml:252:17-114
	android:name
		ADDED from src\main\AndroidManifest.xml:252:25-111
intent-filter#action:name:com.tricheer.AIOS_WINDOW
ADDED from src\main\AndroidManifest.xml:256:13-258:29
	android:priority
		ADDED from src\main\AndroidManifest.xml:256:28-51
action#com.tricheer.AIOS_WINDOW
ADDED from src\main\AndroidManifest.xml:257:17-67
	android:name
		ADDED from src\main\AndroidManifest.xml:257:25-64
intent-filter#action:name:com.aispeech.aios.adapter.ACTION_RANDOM+action:name:com.aispeech.aios.music.ACTION_MUSIC_NEXT+action:name:com.aispeech.aios.music.ACTION_MUSIC_PAUSE+action:name:com.aispeech.aios.music.ACTION_MUSIC_PREVIOUS+action:name:com.aispeech.aios.music.ACTION_MUSIC_RESUME+action:name:com.aispeech.aios.music.AICTION_SEARCH_BY_TITLE+action:name:com.aispeech.aios.music.AICTION_SONG_SELECTED+action:name:com.tricheer.MUSIC.MODE+action:name:com.tricheer.QINGTING_FM.CLOSE+action:name:com.tricheer.VIDEO.PLAY_NEXT+action:name:com.tricheer.VIDEO.PLAY_PRE+action:name:com.tricheer.close.VIDEO_LIST+action:name:com.tricheer.music.ACTION_MUSIC_EXIT+action:name:com.tricheer.music.PLAY_FROM_FILEMANAGER+action:name:com.tricheer.show.VIDEO_LIST+action:name:com.tricheer.video.FAST_FORWARD+action:name:com.tricheer.video.FAST_REWIND+action:name:com.tricheer.video.FULL_SCREEN+action:name:com.tricheer.video.PAUSE+action:name:com.tricheer.video.PLAY+action:name:com.tricheer.video.PLAY_FROM_FILEMANAGER+action:name:com.tricheer.video.PLAY_FROM_VIDEO_VIEW+action:name:com.tricheer.video.PLAY_NORMAL+action:name:com.tricheer.video.VIEW_CHENGED+action:name:com.tricheer.video.close
ADDED from src\main\AndroidManifest.xml:261:13-295:29
	android:priority
		ADDED from src\main\AndroidManifest.xml:261:28-51
action#com.tricheer.music.PLAY_FROM_FILEMANAGER
ADDED from src\main\AndroidManifest.xml:264:17-83
	android:name
		ADDED from src\main\AndroidManifest.xml:264:25-80
action#com.tricheer.video.PLAY_FROM_VIDEO_VIEW
ADDED from src\main\AndroidManifest.xml:265:17-82
	android:name
		ADDED from src\main\AndroidManifest.xml:265:25-79
action#com.tricheer.music.ACTION_MUSIC_EXIT
ADDED from src\main\AndroidManifest.xml:266:17-79
	android:name
		ADDED from src\main\AndroidManifest.xml:266:25-76
action#com.tricheer.MUSIC.MODE
ADDED from src\main\AndroidManifest.xml:268:17-66
	android:name
		ADDED from src\main\AndroidManifest.xml:268:25-63
action#com.aispeech.aios.music.ACTION_MUSIC_PAUSE
ADDED from src\main\AndroidManifest.xml:269:17-85
	android:name
		ADDED from src\main\AndroidManifest.xml:269:25-82
action#com.aispeech.aios.music.ACTION_MUSIC_RESUME
ADDED from src\main\AndroidManifest.xml:270:17-86
	android:name
		ADDED from src\main\AndroidManifest.xml:270:25-83
action#com.aispeech.aios.adapter.ACTION_RANDOM
ADDED from src\main\AndroidManifest.xml:271:17-82
	android:name
		ADDED from src\main\AndroidManifest.xml:271:25-79
action#com.aispeech.aios.music.ACTION_MUSIC_PREVIOUS
ADDED from src\main\AndroidManifest.xml:272:17-88
	android:name
		ADDED from src\main\AndroidManifest.xml:272:25-85
action#com.aispeech.aios.music.ACTION_MUSIC_NEXT
ADDED from src\main\AndroidManifest.xml:273:17-84
	android:name
		ADDED from src\main\AndroidManifest.xml:273:25-81
action#com.aispeech.aios.music.AICTION_SONG_SELECTED
ADDED from src\main\AndroidManifest.xml:274:17-88
	android:name
		ADDED from src\main\AndroidManifest.xml:274:25-85
action#com.aispeech.aios.music.AICTION_SEARCH_BY_TITLE
ADDED from src\main\AndroidManifest.xml:275:17-90
	android:name
		ADDED from src\main\AndroidManifest.xml:275:25-87
action#com.tricheer.video.PLAY_FROM_FILEMANAGER
ADDED from src\main\AndroidManifest.xml:278:17-83
	android:name
		ADDED from src\main\AndroidManifest.xml:278:25-80
action#com.tricheer.video.close
ADDED from src\main\AndroidManifest.xml:280:17-67
	android:name
		ADDED from src\main\AndroidManifest.xml:280:25-64
action#com.tricheer.show.VIDEO_LIST
ADDED from src\main\AndroidManifest.xml:281:17-71
	android:name
		ADDED from src\main\AndroidManifest.xml:281:25-68
action#com.tricheer.close.VIDEO_LIST
ADDED from src\main\AndroidManifest.xml:282:17-72
	android:name
		ADDED from src\main\AndroidManifest.xml:282:25-69
action#com.tricheer.video.PLAY
ADDED from src\main\AndroidManifest.xml:283:17-66
	android:name
		ADDED from src\main\AndroidManifest.xml:283:25-63
action#com.tricheer.video.PAUSE
ADDED from src\main\AndroidManifest.xml:284:17-67
	android:name
		ADDED from src\main\AndroidManifest.xml:284:25-64
action#com.tricheer.VIDEO.PLAY_PRE
ADDED from src\main\AndroidManifest.xml:285:17-70
	android:name
		ADDED from src\main\AndroidManifest.xml:285:25-67
action#com.tricheer.VIDEO.PLAY_NEXT
ADDED from src\main\AndroidManifest.xml:286:17-71
	android:name
		ADDED from src\main\AndroidManifest.xml:286:25-68
action#com.tricheer.video.FAST_FORWARD
ADDED from src\main\AndroidManifest.xml:287:17-74
	android:name
		ADDED from src\main\AndroidManifest.xml:287:25-71
action#com.tricheer.video.FAST_REWIND
ADDED from src\main\AndroidManifest.xml:288:17-73
	android:name
		ADDED from src\main\AndroidManifest.xml:288:25-70
action#com.tricheer.video.PLAY_NORMAL
ADDED from src\main\AndroidManifest.xml:289:17-73
	android:name
		ADDED from src\main\AndroidManifest.xml:289:25-70
action#com.tricheer.video.VIEW_CHENGED
ADDED from src\main\AndroidManifest.xml:290:17-74
	android:name
		ADDED from src\main\AndroidManifest.xml:290:25-71
action#com.tricheer.video.FULL_SCREEN
ADDED from src\main\AndroidManifest.xml:291:17-73
	android:name
		ADDED from src\main\AndroidManifest.xml:291:25-70
action#com.tricheer.QINGTING_FM.CLOSE
ADDED from src\main\AndroidManifest.xml:294:17-73
	android:name
		ADDED from src\main\AndroidManifest.xml:294:25-70